Launching Snapchat Web.
Cookies set
Snapchat for Web Build info: Snapchat v13.79.0 (prod 41d54cf7) built on 6/8/2026, 5:19:41 PM PDT (1780964381087) (loaded: 0msd4gis1)
Version v13.79.0
Snapchat session restored from an existing login.
No blocking popup found.
Snapchat for Web Build info: Snapchat v13.79.0 (prod 41d54cf7) built on 6/8/2026, 5:19:41 PM PDT (1780964381087) (loaded: 84riuegv4)
Version v13.79.0
No blocking popup found.
No blocking popup found.
No blocking popup found.
No blocking popup found.
No blocking popup found.
No blocking popup found.
No blocking popup found.
No blocking popup found.
No blocking popup found.
No blocking popup found.
No blocking popup found.
No blocking popup found.
No blocking popup found.
No blocking popup found.
No blocking popup found.
No blocking popup found.
No blocking popup found.
No blocking popup found.
No blocking popup found.
No blocking popup found.
No blocking popup found.
No blocking popup found.
No blocking popup found.
No blocking popup found.
No blocking popup found.
No blocking popup found.
No blocking popup found.
No blocking popup found.
No blocking popup found.
No blocking popup found.
No blocking popup found.
No blocking popup found.
No blocking popup found.
No blocking popup found.
Snapchat closed
